Arguments: 
  C:\Program Files\nodejs\node.exe C:\Users\neete\AppData\Roaming\npm\node_modules\yarn\bin\yarn.js add --save @nestjs/core @nestjs/common rxjs reflect-metadata -W

PATH: 
  C:\Program Files (x86)\NVIDIA Corporation\PhysX\Common;C:\Program Files\Common Files\Oracle\Java\javapath;C:\WINDOWS\system32;C:\WINDOWS;C:\WINDOWS\System32\Wbem;C:\WINDOWS\System32\WindowsPowerShell\v1.0\;C:\WINDOWS\System32\OpenSSH\;C:\Program Files\Git\cmd;C:\Program Files\dotnet\;C:\Program Files\Microsoft SQL Server\150\Tools\Binn\;C:\Program Files\Microsoft SQL Server\Client SDK\ODBC\170\Tools\Binn\;C:\MinGW\bin;C:\Program Files\Docker\Docker\resources\bin;C:\Program Files\nodejs\;C:\Users\neete\.cargo\bin;C:\Users\neete\AppData\Local\Microsoft\WindowsApps;C:\Users\neete\AppData\Local\Programs\Microsoft VS Code\bin;C:\Users\neete\.dotnet\tools;C:\Program Files\JetBrains\JetBrains Rider 2022.3.1\bin;;C:\Program Files\JetBrains\DataGrip 2022.3.3\bin;;C:\Program Files\PostgreSQL\15\bin;;C:\Program Files\JetBrains\RustRover 232.9921.62\bin;;C:\Users\neete\AppData\Roaming\npm

Yarn version: 
  1.22.19

Node version: 
  20.9.0

Platform: 
  win32 x64

Trace: 
  Error: EPERM: operation not permitted, unlink 'D:\Heuristics\FullStack\linksharing\node_modules\@next\swc-win32-x64-msvc\next-swc.win32-x64-msvc.node'

npm manifest: 
  {
    "name": "linksharing",
    "version": "1.0.0",
    "main": "index.js",
    "license": "MIT",
    "private": true,
    "workspaces": [
      "packages/*"
    ],
    "scripts": {
      "start:client": "yarn workspace @packages/web dev"
    }
  }

yarn manifest: 
  No manifest

Lockfile: 
  No lockfile
